This is pdfTeX, Version 3.1415926-1.40.10 (TeX Live 2009/Debian) (format=pdflatex 2012.6.21)  1 OCT 2012 17:36
entering extended mode
 %&-line parsing enabled.
**\nonstopmode \input{"/home/juanantonio/memoriaPFC/Memoria.tex"}
(/home/juanantonio/memoriaPFC/Memoria.tex
(/usr/share/texmf-texlive/tex/latex/base/book.cls
Document Class: book 2007/10/19 v1.4h Standard LaTeX document class
(/usr/share/texmf-texlive/tex/latex/base/bk12.clo
File: bk12.clo 2007/10/19 v1.4h Standard LaTeX file (size option)
)
\c@part=\count79
\c@chapter=\count80
\c@section=\count81
\c@subsection=\count82
\c@subsubsection=\count83
\c@paragraph=\count84
\c@subparagraph=\count85
\c@figure=\count86
\c@table=\count87
\abovecaptionskip=\skip41
\belowcaptionskip=\skip42
\bibindent=\dimen102
)
(/usr/share/texmf-texlive/tex/latex/base/inputenc.sty
Package: inputenc 2008/03/30 v1.1d Input encoding file
\inpenc@prehook=\toks14
\inpenc@posthook=\toks15

(/usr/share/texmf-texlive/tex/latex/base/utf8.def
File: utf8.def 2008/04/05 v1.1m UTF-8 support for inputenc
Now handling font encoding OML ...
... no UTF-8 mapping file for font encoding OML
Now handling font encoding T1 ...
... processing UTF-8 mapping file for font encoding T1

(/usr/share/texmf-texlive/tex/latex/base/t1enc.dfu
File: t1enc.dfu 2008/04/05 v1.1m UTF-8 support for inputenc
   defining Unicode char U+00A1 (decimal 161)
   defining Unicode char U+00A3 (decimal 163)
   defining Unicode char U+00AB (decimal 171)
   defining Unicode char U+00BB (decimal 187)
   defining Unicode char U+00BF (decimal 191)
   defining Unicode char U+00C0 (decimal 192)
   defining Unicode char U+00C1 (decimal 193)
   defining Unicode char U+00C2 (decimal 194)
   defining Unicode char U+00C3 (decimal 195)
   defining Unicode char U+00C4 (decimal 196)
   defining Unicode char U+00C5 (decimal 197)
   defining Unicode char U+00C6 (decimal 198)
   defining Unicode char U+00C7 (decimal 199)
   defining Unicode char U+00C8 (decimal 200)
   defining Unicode char U+00C9 (decimal 201)
   defining Unicode char U+00CA (decimal 202)
   defining Unicode char U+00CB (decimal 203)
   defining Unicode char U+00CC (decimal 204)
   defining Unicode char U+00CD (decimal 205)
   defining Unicode char U+00CE (decimal 206)
   defining Unicode char U+00CF (decimal 207)
   defining Unicode char U+00D0 (decimal 208)
   defining Unicode char U+00D1 (decimal 209)
   defining Unicode char U+00D2 (decimal 210)
   defining Unicode char U+00D3 (decimal 211)
   defining Unicode char U+00D4 (decimal 212)
   defining Unicode char U+00D5 (decimal 213)
   defining Unicode char U+00D6 (decimal 214)
   defining Unicode char U+00D8 (decimal 216)
   defining Unicode char U+00D9 (decimal 217)
   defining Unicode char U+00DA (decimal 218)
   defining Unicode char U+00DB (decimal 219)
   defining Unicode char U+00DC (decimal 220)
   defining Unicode char U+00DD (decimal 221)
   defining Unicode char U+00DE (decimal 222)
   defining Unicode char U+00DF (decimal 223)
   defining Unicode char U+00E0 (decimal 224)
   defining Unicode char U+00E1 (decimal 225)
   defining Unicode char U+00E2 (decimal 226)
   defining Unicode char U+00E3 (decimal 227)
   defining Unicode char U+00E4 (decimal 228)
   defining Unicode char U+00E5 (decimal 229)
   defining Unicode char U+00E6 (decimal 230)
   defining Unicode char U+00E7 (decimal 231)
   defining Unicode char U+00E8 (decimal 232)
   defining Unicode char U+00E9 (decimal 233)
   defining Unicode char U+00EA (decimal 234)
   defining Unicode char U+00EB (decimal 235)
   defining Unicode char U+00EC (decimal 236)
   defining Unicode char U+00ED (decimal 237)
   defining Unicode char U+00EE (decimal 238)
   defining Unicode char U+00EF (decimal 239)
   defining Unicode char U+00F0 (decimal 240)
   defining Unicode char U+00F1 (decimal 241)
   defining Unicode char U+00F2 (decimal 242)
   defining Unicode char U+00F3 (decimal 243)
   defining Unicode char U+00F4 (decimal 244)
   defining Unicode char U+00F5 (decimal 245)
   defining Unicode char U+00F6 (decimal 246)
   defining Unicode char U+00F8 (decimal 248)
   defining Unicode char U+00F9 (decimal 249)
   defining Unicode char U+00FA (decimal 250)
   defining Unicode char U+00FB (decimal 251)
   defining Unicode char U+00FC (decimal 252)
   defining Unicode char U+00FD (decimal 253)
   defining Unicode char U+00FE (decimal 254)
   defining Unicode char U+00FF (decimal 255)
   defining Unicode char U+0102 (decimal 258)
   defining Unicode char U+0103 (decimal 259)
   defining Unicode char U+0104 (decimal 260)
   defining Unicode char U+0105 (decimal 261)
   defining Unicode char U+0106 (decimal 262)
   defining Unicode char U+0107 (decimal 263)
   defining Unicode char U+010C (decimal 268)
   defining Unicode char U+010D (decimal 269)
   defining Unicode char U+010E (decimal 270)
   defining Unicode char U+010F (decimal 271)
   defining Unicode char U+0110 (decimal 272)
   defining Unicode char U+0111 (decimal 273)
   defining Unicode char U+0118 (decimal 280)
   defining Unicode char U+0119 (decimal 281)
   defining Unicode char U+011A (decimal 282)
   defining Unicode char U+011B (decimal 283)
   defining Unicode char U+011E (decimal 286)
   defining Unicode char U+011F (decimal 287)
   defining Unicode char U+0130 (decimal 304)
   defining Unicode char U+0131 (decimal 305)
   defining Unicode char U+0132 (decimal 306)
   defining Unicode char U+0133 (decimal 307)
   defining Unicode char U+0139 (decimal 313)
   defining Unicode char U+013A (decimal 314)
   defining Unicode char U+013D (decimal 317)
   defining Unicode char U+013E (decimal 318)
   defining Unicode char U+0141 (decimal 321)
   defining Unicode char U+0142 (decimal 322)
   defining Unicode char U+0143 (decimal 323)
   defining Unicode char U+0144 (decimal 324)
   defining Unicode char U+0147 (decimal 327)
   defining Unicode char U+0148 (decimal 328)
   defining Unicode char U+014A (decimal 330)
   defining Unicode char U+014B (decimal 331)
   defining Unicode char U+0150 (decimal 336)
   defining Unicode char U+0151 (decimal 337)
   defining Unicode char U+0152 (decimal 338)
   defining Unicode char U+0153 (decimal 339)
   defining Unicode char U+0154 (decimal 340)
   defining Unicode char U+0155 (decimal 341)
   defining Unicode char U+0158 (decimal 344)
   defining Unicode char U+0159 (decimal 345)
   defining Unicode char U+015A (decimal 346)
   defining Unicode char U+015B (decimal 347)
   defining Unicode char U+015E (decimal 350)
   defining Unicode char U+015F (decimal 351)
   defining Unicode char U+0160 (decimal 352)
   defining Unicode char U+0161 (decimal 353)
   defining Unicode char U+0162 (decimal 354)
   defining Unicode char U+0163 (decimal 355)
   defining Unicode char U+0164 (decimal 356)
   defining Unicode char U+0165 (decimal 357)
   defining Unicode char U+016E (decimal 366)
   defining Unicode char U+016F (decimal 367)
   defining Unicode char U+0170 (decimal 368)
   defining Unicode char U+0171 (decimal 369)
   defining Unicode char U+0178 (decimal 376)
   defining Unicode char U+0179 (decimal 377)
   defining Unicode char U+017A (decimal 378)
   defining Unicode char U+017B (decimal 379)
   defining Unicode char U+017C (decimal 380)
   defining Unicode char U+017D (decimal 381)
   defining Unicode char U+017E (decimal 382)
   defining Unicode char U+200C (decimal 8204)
   defining Unicode char U+2013 (decimal 8211)
   defining Unicode char U+2014 (decimal 8212)
   defining Unicode char U+2018 (decimal 8216)
   defining Unicode char U+2019 (decimal 8217)
   defining Unicode char U+201A (decimal 8218)
   defining Unicode char U+201C (decimal 8220)
   defining Unicode char U+201D (decimal 8221)
   defining Unicode char U+201E (decimal 8222)
   defining Unicode char U+2030 (decimal 8240)
   defining Unicode char U+2031 (decimal 8241)
   defining Unicode char U+2039 (decimal 8249)
   defining Unicode char U+203A (decimal 8250)
   defining Unicode char U+2423 (decimal 9251)
)
Now handling font encoding OT1 ...
... processing UTF-8 mapping file for font encoding OT1

(/usr/share/texmf-texlive/tex/latex/base/ot1enc.dfu
File: ot1enc.dfu 2008/04/05 v1.1m UTF-8 support for inputenc
   defining Unicode char U+00A1 (decimal 161)
   defining Unicode char U+00A3 (decimal 163)
   defining Unicode char U+00B8 (decimal 184)
   defining Unicode char U+00BF (decimal 191)
   defining Unicode char U+00C5 (decimal 197)
   defining Unicode char U+00C6 (decimal 198)
   defining Unicode char U+00D8 (decimal 216)
   defining Unicode char U+00DF (decimal 223)
   defining Unicode char U+00E6 (decimal 230)
   defining Unicode char U+00EC (decimal 236)
   defining Unicode char U+00ED (decimal 237)
   defining Unicode char U+00EE (decimal 238)
   defining Unicode char U+00EF (decimal 239)
   defining Unicode char U+00F8 (decimal 248)
   defining Unicode char U+0131 (decimal 305)
   defining Unicode char U+0141 (decimal 321)
   defining Unicode char U+0142 (decimal 322)
   defining Unicode char U+0152 (decimal 338)
   defining Unicode char U+0153 (decimal 339)
   defining Unicode char U+2013 (decimal 8211)
   defining Unicode char U+2014 (decimal 8212)
   defining Unicode char U+2018 (decimal 8216)
   defining Unicode char U+2019 (decimal 8217)
   defining Unicode char U+201C (decimal 8220)
   defining Unicode char U+201D (decimal 8221)
)
Now handling font encoding OMS ...
... processing UTF-8 mapping file for font encoding OMS

(/usr/share/texmf-texlive/tex/latex/base/omsenc.dfu
File: omsenc.dfu 2008/04/05 v1.1m UTF-8 support for inputenc
   defining Unicode char U+00A7 (decimal 167)
   defining Unicode char U+00B6 (decimal 182)
   defining Unicode char U+00B7 (decimal 183)
   defining Unicode char U+2020 (decimal 8224)
   defining Unicode char U+2021 (decimal 8225)
   defining Unicode char U+2022 (decimal 8226)
)
Now handling font encoding OMX ...
... no UTF-8 mapping file for font encoding OMX
Now handling font encoding U ...
... no UTF-8 mapping file for font encoding U
   defining Unicode char U+00A9 (decimal 169)
   defining Unicode char U+00AA (decimal 170)
   defining Unicode char U+00AE (decimal 174)
   defining Unicode char U+00BA (decimal 186)
   defining Unicode char U+02C6 (decimal 710)
   defining Unicode char U+02DC (decimal 732)
   defining Unicode char U+200C (decimal 8204)
   defining Unicode char U+2026 (decimal 8230)
   defining Unicode char U+2122 (decimal 8482)
   defining Unicode char U+2423 (decimal 9251)
))
(/usr/share/texmf-texlive/tex/generic/babel/babel.sty
Package: babel 2008/07/06 v3.8l The Babel package

(/usr/share/texmf-texlive/tex/generic/babel/spanish.ldf
Language: spanish.ldf 2009/01/02 v5.0h Spanish support from the babel system

(/usr/share/texmf-texlive/tex/generic/babel/babel.def
File: babel.def 2008/07/06 v3.8l Babel common definitions
\babel@savecnt=\count88
\U@D=\dimen103
)

Package babel Warning: No hyphenation patterns were loaded for
(babel)                the language `Spanish'
(babel)                I will use the patterns loaded for \language=0 instead.

\l@spanish = a dialect from \language0
\es@datefmt=\count89
\es@quottoks=\toks16
\es@quotdepth=\count90
Package babel Info: Making " an active character on input line 492.
Package babel Info: Making . an active character on input line 585.
Package babel Info: Making < an active character on input line 630.
Package babel Info: Making > an active character on input line 630.
)) (/usr/share/texmf-texlive/tex/latex/graphics/graphicx.sty
Package: graphicx 1999/02/16 v1.0f Enhanced LaTeX Graphics (DPC,SPQR)

(/usr/share/texmf-texlive/tex/latex/graphics/keyval.sty
Package: keyval 1999/03/16 v1.13 key=value parser (DPC)
\KV@toks@=\toks17
)
(/usr/share/texmf-texlive/tex/latex/graphics/graphics.sty
Package: graphics 2009/02/05 v1.0o Standard LaTeX Graphics (DPC,SPQR)

(/usr/share/texmf-texlive/tex/latex/graphics/trig.sty
Package: trig 1999/03/16 v1.09 sin cos tan (DPC)
)
(/etc/texmf/tex/latex/config/graphics.cfg
File: graphics.cfg 2009/08/28 v1.8 graphics configuration of TeX Live
)
Package graphics Info: Driver file: pdftex.def on input line 91.

(/usr/share/texmf-texlive/tex/latex/pdftex-def/pdftex.def
File: pdftex.def 2010/03/12 v0.04p Graphics/color for pdfTeX
\Gread@gobject=\count91
))
\Gin@req@height=\dimen104
\Gin@req@width=\dimen105
)
(/usr/share/texmf-texlive/tex/latex/hyperref/hyperref.sty
Package: hyperref 2009/10/09 v6.79a Hypertext links for LaTeX

(/usr/share/texmf-texlive/tex/generic/oberdiek/ifpdf.sty
Package: ifpdf 2009/04/10 v2.0 Provides the ifpdf switch (HO)
Package ifpdf Info: pdfTeX in pdf mode detected.
)
(/usr/share/texmf-texlive/tex/generic/oberdiek/ifvtex.sty
Package: ifvtex 2008/11/04 v1.4 Switches for detecting VTeX and its modes (HO)
Package ifvtex Info: VTeX not detected.
)
(/usr/share/texmf-texlive/tex/generic/ifxetex/ifxetex.sty
Package: ifxetex 2009/01/23 v0.5 Provides ifxetex conditional
)
(/usr/share/texmf-texlive/tex/latex/oberdiek/hycolor.sty
Package: hycolor 2009/10/02 v1.5 Code for color options of hyperref/bookmark (H
O)

(/usr/share/texmf-texlive/tex/latex/oberdiek/xcolor-patch.sty
Package: xcolor-patch 2009/10/02 xcolor patch
))
\@linkdim=\dimen106
\Hy@linkcounter=\count92
\Hy@pagecounter=\count93

(/usr/share/texmf-texlive/tex/latex/hyperref/pd1enc.def
File: pd1enc.def 2009/10/09 v6.79a Hyperref: PDFDocEncoding definition (HO)
Now handling font encoding PD1 ...
... no UTF-8 mapping file for font encoding PD1
)
(/usr/share/texmf-texlive/tex/generic/oberdiek/etexcmds.sty
Package: etexcmds 2007/12/12 v1.2 Prefix for e-TeX command names (HO)

(/usr/share/texmf-texlive/tex/generic/oberdiek/infwarerr.sty
Package: infwarerr 2007/09/09 v1.2 Providing info/warning/message (HO)
)
Package etexcmds Info: Could not find \expanded.
(etexcmds)             That can mean that you are not using pdfTeX 1.50 or
(etexcmds)             that some package has redefined \expanded.
(etexcmds)             In the latter case, load this package earlier.
)
(/usr/share/texmf-texlive/tex/latex/latexconfig/hyperref.cfg
File: hyperref.cfg 2002/06/06 v1.2 hyperref configuration of TeXLive
)
(/usr/share/texmf-texlive/tex/latex/oberdiek/kvoptions.sty
Package: kvoptions 2009/08/13 v3.4 Keyval support for LaTeX options (HO)

(/usr/share/texmf-texlive/tex/generic/oberdiek/kvsetkeys.sty
Package: kvsetkeys 2009/07/30 v1.5 Key value parser with default handler suppor
t (HO)
))
Package hyperref Info: Hyper figures OFF on input line 2975.
Package hyperref Info: Link nesting OFF on input line 2980.
Package hyperref Info: Hyper index ON on input line 2983.
Package hyperref Info: Plain pages OFF on input line 2990.
Package hyperref Info: Backreferencing OFF on input line 2995.

Implicit mode ON; LaTeX internals redefined
Package hyperref Info: Bookmarks ON on input line 3191.
(/usr/share/texmf-texlive/tex/latex/ltxmisc/url.sty
\Urlmuskip=\muskip10
Package: url 2006/04/12  ver 3.3  Verb mode for urls, etc.
)
LaTeX Info: Redefining \url on input line 3428.

(/usr/share/texmf-texlive/tex/generic/oberdiek/bitset.sty
Package: bitset 2007/09/28 v1.0 Data type bit set (HO)

(/usr/share/texmf-texlive/tex/generic/oberdiek/intcalc.sty
Package: intcalc 2007/09/27 v1.1 Expandable integer calculations (HO)
)
(/usr/share/texmf-texlive/tex/generic/oberdiek/bigintcalc.sty
Package: bigintcalc 2007/11/11 v1.1 Expandable big integer calculations (HO)

(/usr/share/texmf-texlive/tex/generic/oberdiek/pdftexcmds.sty
Package: pdftexcmds 2009/09/23 v0.6 LuaTeX support for pdfTeX utility functions
 (HO)

(/usr/share/texmf-texlive/tex/generic/oberdiek/ifluatex.sty
Package: ifluatex 2009/04/17 v1.2 Provides the ifluatex switch (HO)
Package ifluatex Info: LuaTeX not detected.
)
(/usr/share/texmf-texlive/tex/generic/oberdiek/ltxcmds.sty
Package: ltxcmds 2009/08/05 v1.0 Some LaTeX kernel commands for general use (HO
)
)
Package pdftexcmds Info: LuaTeX not detected.
Package pdftexcmds Info: \pdf@primitive is available.
Package pdftexcmds Info: \pdf@ifprimitive is available.
)))
\Fld@menulength=\count94
\Field@Width=\dimen107
\Fld@charsize=\dimen108
\Field@toks=\toks18
Package hyperref Info: Hyper figures OFF on input line 4377.
Package hyperref Info: Link nesting OFF on input line 4382.
Package hyperref Info: Hyper index ON on input line 4385.
Package hyperref Info: backreferencing OFF on input line 4392.
Package hyperref Info: Link coloring OFF on input line 4397.
Package hyperref Info: Link coloring with OCG OFF on input line 4402.
Package hyperref Info: PDF/A mode OFF on input line 4407.

(/usr/share/texmf-texlive/tex/generic/oberdiek/atbegshi.sty
Package: atbegshi 2008/07/31 v1.9 At begin shipout hook (HO)
)
\Hy@abspage=\count95
\c@Item=\count96
\c@Hfootnote=\count97
)
*hyperref using default driver hpdftex*
(/usr/share/texmf-texlive/tex/latex/hyperref/hpdftex.def
File: hpdftex.def 2009/10/09 v6.79a Hyperref driver for pdfTeX
\Fld@listcount=\count98
)
(/usr/share/texmf-texlive/tex/latex/graphics/color.sty
Package: color 2005/11/14 v1.0j Standard LaTeX Color (DPC)

(/etc/texmf/tex/latex/config/color.cfg
File: color.cfg 2007/01/18 v1.5 color configuration of teTeX/TeXLive
)
Package color Info: Driver file: pdftex.def on input line 130.
)
(/usr/share/texmf-texlive/tex/latex/listings/listings.sty
\lst@mode=\count99
\lst@gtempboxa=\box26
\lst@token=\toks19
\lst@length=\count100
\lst@currlwidth=\dimen109
\lst@column=\count101
\lst@pos=\count102
\lst@lostspace=\dimen110
\lst@width=\dimen111
\lst@newlines=\count103
\lst@lineno=\count104
\lst@maxwidth=\dimen112

(/usr/share/texmf-texlive/tex/latex/listings/lstmisc.sty
File: lstmisc.sty 2007/02/22 1.4 (Carsten Heinz)
\c@lstnumber=\count105
\lst@skipnumbers=\count106
\lst@framebox=\box27
)
(/usr/share/texmf-texlive/tex/latex/listings/listings.cfg
File: listings.cfg 2007/02/22 1.4 listings configuration
))
Package: listings 2007/02/22 1.4 (Carsten Heinz)

(/home/juanantonio/memoriaPFC/Memoria.aux
! Missing \endcsname inserted.
<to be read again> 
                   \penalty 
l.177 ...a pesta√±a verificaci√≥n}{figure.5.10}{}}
                                                  
The control sequence marked <to be read again> should
not appear between \csname and \endcsname.


LaTeX Warning: Label `fig:pesta\IeC {\~n}aVerificar' multiply defined.

! Missing \endcsname inserted.
<to be read again> 
                   \penalty 
l.177 ...a pesta√±a verificaci√≥n}{figure.5.10}{}}
                                                  
The control sequence marked <to be read again> should
not appear between \csname and \endcsname.


! LaTeX Error: Missing \begin{document}.

See the LaTeX manual or LaTeX Companion for explanation.
Type  H <return>  for immediate help.
 ...                                              
                                                  
l.177 ...a pesta√±a verificaci√≥n}{figure.5.10}{}}
                                                  
You're in trouble here.  Try typing  <return>  to proceed.
If that doesn't work, type  X <return>  to quit.

! Extra \endcsname.
\@namedef ...xpandafter \def \csname #1\endcsname 
                                                  
l.177 ...a pesta√±a verificaci√≥n}{figure.5.10}{}}
                                                  
I'm ignoring this, since I wasn't doing a \csname.

)
\openout1 = `Memoria.aux'.

LaTeX Font Info:    Checking defaults for OML/cmm/m/it on input line 78.
LaTeX Font Info:    ... okay on input line 78.
LaTeX Font Info:    Checking defaults for T1/cmr/m/n on input line 78.
LaTeX Font Info:    ... okay on input line 78.
LaTeX Font Info:    Checking defaults for OT1/cmr/m/n on input line 78.
LaTeX Font Info:    ... okay on input line 78.
LaTeX Font Info:    Checking defaults for OMS/cmsy/m/n on input line 78.
LaTeX Font Info:    ... okay on input line 78.
LaTeX Font Info:    Checking defaults for OMX/cmex/m/n on input line 78.
LaTeX Font Info:    ... okay on input line 78.
LaTeX Font Info:    Checking defaults for U/cmr/m/n on input line 78.
LaTeX Font Info:    ... okay on input line 78.
LaTeX Font Info:    Checking defaults for PD1/pdf/m/n on input line 78.
LaTeX Font Info:    ... okay on input line 78.
 (/usr/share/texmf-texlive/tex/context/base/supp-pdf.mkii
[Loading MPS to PDF converter (version 2006.09.02).]
\scratchcounter=\count107
\scratchdimen=\dimen113
\scratchbox=\box28
\nofMPsegments=\count108
\nofMParguments=\count109
\everyMPshowfont=\toks20
\MPscratchCnt=\count110
\MPscratchDim=\dimen114
\MPnumerator=\count111
\everyMPtoPDFconversion=\toks21
)
Package hyperref Info: Link coloring OFF on input line 78.
 (/usr/share/texmf-texlive/tex/latex/hyperref/nameref.sty
Package: nameref 2007/05/29 v2.31 Cross-referencing by name of section

(/usr/share/texmf-texlive/tex/latex/oberdiek/refcount.sty
Package: refcount 2008/08/11 v3.1 Data extraction from references (HO)
)
\c@section@level=\count112
)
LaTeX Info: Redefining \ref on input line 78.
LaTeX Info: Redefining \pageref on input line 78.

(/home/juanantonio/memoriaPFC/Memoria.out)
(/home/juanantonio/memoriaPFC/Memoria.out)
\@outlinefile=\write3
\openout3 = `Memoria.out'.

\AtBeginShipoutBox=\box29
\c@lstlisting=\count113
 [1{/var/lib/texmf/fonts/map/pdftex/updmap/pdftex.map}

] [2

]
LaTeX Font Info:    External font `cmex10' loaded for size
(Font)              <14.4> on input line 80.
LaTeX Font Info:    External font `cmex10' loaded for size
(Font)              <7> on input line 80.
pdfTeX warning (ext4): destination with the same identifier (name{page.1}) has 
been already used, duplicate ignored
<to be read again> 
                   \relax 
l.80 
      [1]pdfTeX warning (ext4): destination with the same identifier (name{page
.2}) has been already used, duplicate ignored
<to be read again> 
                   \relax 
l.82 	\tableofcontents
                       [2

] (/home/juanantonio/memoriaPFC/Memoria.toc
LaTeX Font Info:    External font `cmex10' loaded for size
(Font)              <12> on input line 3.
LaTeX Font Info:    External font `cmex10' loaded for size
(Font)              <8> on input line 3.
LaTeX Font Info:    External font `cmex10' loaded for size
(Font)              <6> on input line 3.
 [3])
\tf@toc=\write4
\openout4 = `Memoria.toc'.


[4] (./Introduccion/introduccion.tex
Cap\'{\i }tulo 1.

Underfull \vbox (badness 7504) has occurred while \output is active []

pdfTeX warning (ext4): destination with the same identifier (name{page.1}) has 
been already used, duplicate ignored
<to be read again> 
                   \relax 
l.10 
      [1


]pdfTeX warning (ext4): destination with the same identifier (name{page.2}) has
 been already used, duplicate ignored
<to be read again> 
                   \relax 
l.19 
      [2]
<./Introduccion/imagenes/actionbar.png, id=272, 815.045pt x 325.215pt>
File: ./Introduccion/imagenes/actionbar.png Graphic file (type png)

<use ./Introduccion/imagenes/actionbar.png>
<./Introduccion/imagenes/graficoEvolucionAndroid.png, id=276, 509.65407pt x 222
.07968pt>
File: ./Introduccion/imagenes/graficoEvolucionAndroid.png Graphic file (type pn
g)
 <use ./Introduccion/imagenes/graficoEvolucionAndroid.png>
Overfull \hbox (17.7238pt too wide) in paragraph at lines 32--33
 [][] 
 []


<./Introduccion/imagenes/graficoUsoAndroid.png, id=277, 799.98875pt x 471.7625p
t>
File: ./Introduccion/imagenes/graficoUsoAndroid.png Graphic file (type png)
 <use ./Introduccion/imagenes/graficoUsoAndroid.png>
Overfull \hbox (9.9934pt too wide) in paragraph at lines 39--40
 [][] 
 []


Underfull \vbox (badness 10000) has occurred while \output is active []

pdfTeX warning (ext4): destination with the same identifier (name{page.3}) has 
been already used, duplicate ignored
<to be read again> 
                   \relax 
l.51 
      [3 <./Introduccion/imagenes/actionbar.png>]pdfTeX warning (ext4): destina
tion with the same identifier (name{page.4}) has been already used, duplicate i
gnored
<to be read again> 
                   \relax 
l.51 
      [4 <./Introduccion/imagenes/graficoEvolucionAndroid.png (PNG copy)> <./In
troduccion/imagenes/graficoUsoAndroid.png>]
<./Introduccion/imagenes/nexus.png, id=287, 474.77374pt x 889.3225pt>
File: ./Introduccion/imagenes/nexus.png Graphic file (type png)

<use ./Introduccion/imagenes/nexus.png>)
(./ConocimientosPrevios/conocimientosPrevios.tex [5 <./Introduccion/imagenes/ne
xus.png>] [6

]
Cap\'{\i }tulo 2.
LaTeX Font Info:    External font `cmex10' loaded for size
(Font)              <5> on input line 9.
[7]
<./ConocimientosPrevios/imagenes/indiceTiobe.png, id=312, 429.10312pt x 145.292
82pt>
File: ./ConocimientosPrevios/imagenes/indiceTiobe.png Graphic file (type png)
 <use ./ConocimientosPrevios/imagenes/indiceTiobe.png>
Overfull \hbox (16.05412pt too wide) in paragraph at lines 21--22
[]\OT1/cmr/m/n/12 La im-ple-mentaci^^Son orig-i-nal y las ref-er-en-cias del co
m-pi-lador de ja-va, m^^Saquinas
 []


Underfull \vbox (badness 10000) has occurred while \output is active []

 [8 <./ConocimientosPrevios/imagenes/indiceTiobe.png (PNG copy)>]
Underfull \vbox (badness 10000) has occurred while \output is active []

 [9]
(/usr/share/texmf-texlive/tex/latex/listings/lstlang1.sty
File: lstlang1.sty 2004/09/05 1.3 listings language file
)
LaTeX Font Info:    Font shape `OT1/cmtt/bx/n' in size <10.95> not available
(Font)              Font shape `OT1/cmtt/m/n' tried instead on input line 57.
 [10] [11]
<./ConocimientosPrevios/imagenes/pantallaEclipse.png, id=345, 783.67781pt x 520
.19344pt>
File: ./ConocimientosPrevios/imagenes/pantallaEclipse.png Graphic file (type pn
g)
 <use ./ConocimientosPrevios/imagenes/pantallaEclipse.png>
Overfull \hbox (1.83794pt too wide) in paragraph at lines 78--79
 [][] 
 []

[12 <./ConocimientosPrevios/imagenes/pantallaEclipse.png (PNG copy)>] [13]
<./ConocimientosPrevios/imagenes/cifradoCesar.png, id=359, 501.875pt x 211.7912
4pt>
File: ./ConocimientosPrevios/imagenes/cifradoCesar.png Graphic file (type png)
 <use ./ConocimientosPrevios/imagenes/cifradoCesar.png> [14]
<./ConocimientosPrevios/imagenes/cifradoHomofonico.png, id=366, 337.26pt x 175.
65625pt>
File: ./ConocimientosPrevios/imagenes/cifradoHomofonico.png Graphic file (type 
png)
 <use ./ConocimientosPrevios/imagenes/cifradoHomofonico.png>
<./ConocimientosPrevios/imagenes/cifradoTransposicion.png, id=368, 969.6225pt x
 564.1075pt>
File: ./ConocimientosPrevios/imagenes/cifradoTransposicion.png Graphic file (ty
pe png)
 <use ./ConocimientosPrevios/imagenes/cifradoTransposicion.png>
[15 <./ConocimientosPrevios/imagenes/cifradoCesar.png> <./ConocimientosPrevios/
imagenes/cifradoHomofonico.png>]
Overfull \hbox (4.6712pt too wide) in paragraph at lines 169--169
[]\OT1/cmr/bx/n/14.4 Criptograf^^S^^Pa du-rante la ^^Sepoca de los or-de-nadore
s. 
 []

[16 <./ConocimientosPrevios/imagenes/cifradoTransposicion.png>]
<./ConocimientosPrevios/imagenes/cifradoDes.png, id=383, 366.61969pt x 499.8675
pt>
File: ./ConocimientosPrevios/imagenes/cifradoDes.png Graphic file (type png)
 <use ./ConocimientosPrevios/imagenes/cifradoDes.png>
Underfull \vbox (badness 1565) has occurred while \output is active []

 [17]
[18 <./ConocimientosPrevios/imagenes/cifradoDes.png (PNG copy)>] [19]

! Package inputenc Error: Unicode char \u8:‚Ç¨ not set up for use with LaTeX.

See the inputenc package documentation for explanation.
Type  H <return>  for immediate help.
 ...                                              
                                                  
l.222 ...±a cantidad de dinero (Alrededor de 25‚Ç¨
                                                   por una cuenta vitalicia ...

Your command was ignored.
Type  I <command> <return>  to replace it with another command,
or  <return>  to continue without it.

[20]
Underfull \vbox (badness 10000) has occurred while \output is active []

 [21]
Overfull \hbox (6.35635pt too wide) in paragraph at lines 248--249
[]\OT1/cmr/bx/n/12 1.6 (Donut): \OT1/cmr/m/n/12 fue pre-sen-ta-da el 15 de sep-
tiem-bre de 2009. Se le a~nadieron
 []

[22] [23]
<./ConocimientosPrevios/imagenes/android41.jpeg, id=421, 722.7pt x 1284.8pt>
File: ./ConocimientosPrevios/imagenes/android41.jpeg Graphic file (type jpg)

<use ./ConocimientosPrevios/imagenes/android41.jpeg> [24] [25 <./ConocimientosP
revios/imagenes/android41.jpeg>]
Overfull \hbox (24.58173pt too wide) in paragraph at lines 287--288
\OT1/cmr/m/n/12 ladores que pro-por-ciona Google, []$\OT1/cmtt/m/n/12 https : /
 / developers . google . com / appengine/$[]\OT1/cmr/m/n/12 . 
 []

[26] (/usr/share/texmf-texlive/tex/latex/listings/lstlang1.sty
File: lstlang1.sty 2004/09/05 1.3 listings language file
)
(/usr/share/texmf-texlive/tex/latex/listings/lstmisc.sty
File: lstmisc.sty 2007/02/22 1.4 (Carsten Heinz)
)

! Package inputenc Error: Unicode char \u8:√\expandafter not set up for use wit
h LaTeX.

See the inputenc package documentation for explanation.
Type  H <return>  for immediate help.
 ...                                              
                                                  
l.321 <titulo> Cien a√±os 
                          de soledad </titulo>
Your command was ignored.
Type  I <command> <return>  to replace it with another command,
or  <return>  to continue without it.


! Package inputenc Error: Keyboard character used is undefined
(inputenc)                in inputencoding `utf8'.

See the inputenc package documentation for explanation.
Type  H <return>  for immediate help.
 ...                                              
                                                  
l.321 <titulo> Cien a√±os 
                          de soledad </titulo>
You need to provide a definition with \DeclareInputText 
or \DeclareInputMath before using this key.


! Package inputenc Error: Unicode char \u8:√\expandafter not set up for use wit
h LaTeX.

See the inputenc package documentation for explanation.
Type  H <return>  for immediate help.
 ...                                              
                                                  
l.323 <autor> Gabriel Garc√≠a 
                              M√°rquez </autor>
Your command was ignored.
Type  I <command> <return>  to replace it with another command,
or  <return>  to continue without it.


! Package inputenc Error: Keyboard character used is undefined
(inputenc)                in inputencoding `utf8'.

See the inputenc package documentation for explanation.
Type  H <return>  for immediate help.
 ...                                              
                                                  
l.323 <autor> Gabriel Garc√≠a 
                              M√°rquez </autor>
You need to provide a definition with \DeclareInputText 
or \DeclareInputMath before using this key.


! Package inputenc Error: Unicode char \u8:√\expandafter not set up for use wit
h LaTeX.

See the inputenc package documentation for explanation.
Type  H <return>  for immediate help.
 ...                                              
                                                  
l.323 <autor> Gabriel Garc√≠a M√°rquez 
                                       </autor>
Your command was ignored.
Type  I <command> <return>  to replace it with another command,
or  <return>  to continue without it.


! Package inputenc Error: Keyboard character used is undefined
(inputenc)                in inputencoding `utf8'.

See the inputenc package documentation for explanation.
Type  H <return>  for immediate help.
 ...                                              
                                                  
l.323 <autor> Gabriel Garc√≠a M√°rquez 
                                       </autor>
You need to provide a definition with \DeclareInputText 
or \DeclareInputMath before using this key.


! Package inputenc Error: Unicode char \u8:√\expandafter not set up for use wit
h LaTeX.

See the inputenc package documentation for explanation.
Type  H <return>  for immediate help.
 ...                                              
                                                  
l.324 <formato> R√∫stica 
                         </formato>
Your command was ignored.
Type  I <command> <return>  to replace it with another command,
or  <return>  to continue without it.


! Package inputenc Error: Keyboard character used is undefined
(inputenc)                in inputencoding `utf8'.

See the inputenc package documentation for explanation.
Type  H <return>  for immediate help.
 ...                                              
                                                  
l.324 <formato> R√∫stica 
                         </formato>
You need to provide a definition with \DeclareInputText 
or \DeclareInputMath before using this key.

[27]
Underfull \vbox (badness 10000) has occurred while \output is active []

 [28])
(./Criptografia/criptografia.tex [29] [30

]
Cap\'{\i }tulo 3.
[31] [32]
Overfull \hbox (27.13457pt too wide) in paragraph at lines 46--47
[]\OT1/cmr/m/n/12 La fun-ci^^Son de cifra-do quedar^^S^^Pa co-mo la sigu-iente:
 $[](\OML/cmm/m/it/12 m\OT1/cmr/m/n/12 ) = \OML/cmm/m/it/12 m[] mod\OT1/cmr/m/n
/12 (\OML/cmm/m/it/12 n\OT1/cmr/m/n/12 ) =
 []


Overfull \hbox (10.48508pt too wide) in paragraph at lines 48--49
[]\OT1/cmr/m/n/12 La fun-ci^^Son de de-scifra-do ser^^S^^Pa: $[] = \OML/cmm/m/i
t/12 c[] mod\OT1/cmr/m/n/12 (\OML/cmm/m/it/12 n\OT1/cmr/m/n/12 ) = \OML/cmm/m/i
t/12 c[] mod\OT1/cmr/m/n/12 (3233)$,
 []

[33] <./Criptografia/imagenes/esquemaPKI.png, id=493, 1003.75pt x 709.65125pt>
File: ./Criptografia/imagenes/esquemaPKI.png Graphic file (type png)

<use ./Criptografia/imagenes/esquemaPKI.png>
Overfull \hbox (111.87378pt too wide) in paragraph at lines 71--72
 [][] 
 []

[34] [35 <./Criptografia/imagenes/esquemaPKI.png>]
<./Criptografia/imagenes/pkiDnie.png, id=506, 438.13687pt x 188.20313pt>
File: ./Criptografia/imagenes/pkiDnie.png Graphic file (type png)

<use ./Criptografia/imagenes/pkiDnie.png>
Overfull \hbox (48.13579pt too wide) in paragraph at lines 83--84
 [][] 
 []


Underfull \vbox (badness 10000) has occurred while \output is active []

 [36 <./Criptografia/imagenes/pkiDnie.png (PNG copy)>]
<./Criptografia/imagenes/messageDigest.png, id=515, 225.09094pt x 42.91031pt>
File: ./Criptografia/imagenes/messageDigest.png Graphic file (type png)

<use ./Criptografia/imagenes/messageDigest.png> [37 <./Criptografia/imagenes/me
ssageDigest.png>]
<./Criptografia/imagenes/signature.png, id=528, 483.8075pt x 221.82875pt>
File: ./Criptografia/imagenes/signature.png Graphic file (type png)

<use ./Criptografia/imagenes/signature.png>
Overfull \hbox (93.80632pt too wide) in paragraph at lines 133--134
 [][] 
 []

<./Criptografia/imagenes/cipher.png, id=532, 514.92375pt x 180.675pt>
File: ./Criptografia/imagenes/cipher.png Graphic file (type png)

<use ./Criptografia/imagenes/cipher.png>
Overfull \hbox (73.4271pt too wide) in paragraph at lines 174--175
 [][] 
 []

[38] [39 <./Criptografia/imagenes/signature.png>]
Underfull \vbox (badness 10000) has occurred while \output is active []

 [40 <./Criptografia/imagenes/cipher.png>]) (./Android/android.tex [41] [42

]
Cap\'{\i }tulo 4.

Underfull \vbox (badness 10000) has occurred while \output is active []

 [43]
<./Android/imagenes/arquitecturaAndroid.jpg, id=589, 725.75366pt x 521.15831pt>
File: ./Android/imagenes/arquitecturaAndroid.jpg Graphic file (type jpg)
<use ./Android/imagenes/arquitecturaAndroid.jpg>
Overfull \hbox (45.45555pt too wide) in paragraph at lines 24--25
 [][] 
 []

[44] [45 <./Android/imagenes/arquitecturaAndroid.jpg>]
LaTeX Font Info:    Try loading font information for OMS+cmr on input line 39.

(/usr/share/texmf-texlive/tex/latex/base/omscmr.fd
File: omscmr.fd 1999/05/25 v2.5h Standard LaTeX font definitions
)
LaTeX Font Info:    Font shape `OMS/cmr/m/n' in size <12> not available
(Font)              Font shape `OMS/cmsy/m/n' tried instead on input line 39.

Overfull \hbox (0.59279pt too wide) in paragraph at lines 40--41
[]\OT1/cmr/bx/n/12 Media Li-braries: \OT1/cmr/m/n/12 li-br-er^^S^^Pas basadas e
n Pack-etVideo's Open-CORE
 []

[46]
<./Android/imagenes/maquinaVirtualDalvik.png, id=605, 501.875pt x 129.48375pt>
File: ./Android/imagenes/maquinaVirtualDalvik.png Graphic file (type png)

<use ./Android/imagenes/maquinaVirtualDalvik.png>
Overfull \hbox (11.50053pt too wide) in paragraph at lines 67--68
 [][] 
 []


Overfull \hbox (15.19696pt too wide) in paragraph at lines 79--80
[]\OT1/cmr/bx/n/12 META-INF: \OT1/cmr/m/n/12 en un di-rec-to-rio que con-tiene 
tres archivos, \OT1/cmr/m/it/12 MAN-I-FEST.MF
 []

[47 <./Android/imagenes/maquinaVirtualDalvik.png (PNG copy)>] [48]
<./Android/imagenes/estructuraAPK.png, id=623, 452.4403pt x 382.42876pt>
File: ./Android/imagenes/estructuraAPK.png Graphic file (type png)

<use ./Android/imagenes/estructuraAPK.png> [49 <./Android/imagenes/estructuraAP
K.png (PNG copy)>] [50]
<./Android/imagenes/contentProvider.png, id=636, 722.7pt x 1284.8pt>
File: ./Android/imagenes/contentProvider.png Graphic file (type png)

<use ./Android/imagenes/contentProvider.png> [51 <./Android/imagenes/contentPro
vider.png (PNG copy)>]
<./Android/imagenes/widget.png, id=643, 722.7pt x 1284.8pt>
File: ./Android/imagenes/widget.png Graphic file (type png)

<use ./Android/imagenes/widget.png>
Underfull \vbox (badness 10000) has occurred while \output is active []

 [52 <./Android/imagenes/widget.png (PNG copy)>] [53]
<./Android/imagenes/cicloActivity.png, id=664, 514.92375pt x 665.48625pt>
File: ./Android/imagenes/cicloActivity.png Graphic file (type png)

<use ./Android/imagenes/cicloActivity.png>
Overfull \hbox (21.93954pt too wide) in paragraph at lines 196--197
 [][] 
 []

[54] [55 <./Android/imagenes/cicloActivity.png>] [56]
<./Android/imagenes/gmailTablet.png, id=703, 1284.8pt x 803.0pt>
File: ./Android/imagenes/gmailTablet.png Graphic file (type png)

<use ./Android/imagenes/gmailTablet.png>
<./Android/imagenes/gmailMovil.png, id=704, 866.23625pt x 632.3625pt>
File: ./Android/imagenes/gmailMovil.png Graphic file (type png)

<use ./Android/imagenes/gmailMovil.png>
<./Android/imagenes/swype.png, id=708, 722.7pt x 1284.8pt>
File: ./Android/imagenes/swype.png Graphic file (type png)

<use ./Android/imagenes/swype.png> [57 <./Android/imagenes/gmailTablet.png (PNG
 copy)>]
<./Android/imagenes/estructuraBasicaAndroid.png, id=719, 256.70906pt x 348.5521
9pt>
File: ./Android/imagenes/estructuraBasicaAndroid.png Graphic file (type png)
 <use ./Android/imagenes/estructuraBasicaAndroid.png> [58 <./Android/imagenes/g
mailMovil.png>] [59 <./Android/imagenes/swype.png (PNG copy)>] [60 <./Android/i
magenes/estructuraBasicaAndroid.png (PNG copy)>]
Overfull \hbox (1.57451pt too wide) in paragraph at lines 311--312
\OT1/cmr/m/it/12 drawable-xhdpi \OT1/cmr/m/n/12 es donde se a~naden to-das im^^
Sagenes us-adas, sonidos,
 []

[61] <./Android/imagenes/pantallaPrincipal.png, id=743, 722.7pt x 1284.8pt>
File: ./Android/imagenes/pantallaPrincipal.png Graphic file (type png)

<use ./Android/imagenes/pantallaPrincipal.png>
<./Android/imagenes/botonAnhadir.png, id=745, 721.69624pt x 104.39pt>
File: ./Android/imagenes/botonAnhadir.png Graphic file (type png)

<use ./Android/imagenes/botonAnhadir.png> [62] [63 <./Android/imagenes/pantalla
Principal.png (PNG copy)> <./Android/imagenes/botonAnhadir.png (PNG copy)>]
<./Android/imagenes/informacionFirma.png, id=758, 722.7pt x 1284.8pt>
File: ./Android/imagenes/informacionFirma.png Graphic file (type png)

<use ./Android/imagenes/informacionFirma.png>
<./Android/imagenes/proyectoAndroid.png, id=760, 339.2675pt x 728.7225pt>
File: ./Android/imagenes/proyectoAndroid.png Graphic file (type png)

<use ./Android/imagenes/proyectoAndroid.png> [64 <./Android/imagenes/informacio
nFirma.png (PNG copy)>] [65 <./Android/imagenes/proyectoAndroid.png>] [66]

! Package inputenc Error: Unicode char \u8:√\expandafter not set up for use wit
h LaTeX.

See the inputenc package documentation for explanation.
Type  H <return>  for immediate help.
 ...                                              
                                                  
l.386 ...uando cambie el texto lo cambie tambi√©n 
                                                  en el t√≠tulo...
Your command was ignored.
Type  I <command> <return>  to replace it with another command,
or  <return>  to continue without it.


! Package inputenc Error: Keyboard character used is undefined
(inputenc)                in inputencoding `utf8'.

See the inputenc package documentation for explanation.
Type  H <return>  for immediate help.
 ...                                              
                                                  
l.386 ...uando cambie el texto lo cambie tambi√©n 
                                                  en el t√≠tulo...
You need to provide a definition with \DeclareInputText 
or \DeclareInputMath before using this key.


! Package inputenc Error: Unicode char \u8:√\expandafter not set up for use wit
h LaTeX.

See the inputenc package documentation for explanation.
Type  H <return>  for immediate help.
 ...                                              
                                                  
l.386 ...l texto lo cambie tambi√©n en el t√≠tulo.
                                                  ..
Your command was ignored.
Type  I <command> <return>  to replace it with another command,
or  <return>  to continue without it.


! Package inputenc Error: Keyboard character used is undefined
(inputenc)                in inputencoding `utf8'.

See the inputenc package documentation for explanation.
Type  H <return>  for immediate help.
 ...                                              
                                                  
l.386 ...l texto lo cambie tambi√©n en el t√≠tulo.
                                                  ..
You need to provide a definition with \DeclareInputText 
or \DeclareInputMath before using this key.

[67]

! Package inputenc Error: Unicode char \u8:√\expandafter not set up for use wit
h LaTeX.

See the inputenc package documentation for explanation.
Type  H <return>  for immediate help.
 ...                                              
                                                  
l.424 ...can los espacios porque si no la funci√≥n
                                                  
Your command was ignored.
Type  I <command> <return>  to replace it with another command,
or  <return>  to continue without it.


! Package inputenc Error: Keyboard character used is undefined
(inputenc)                in inputencoding `utf8'.

See the inputenc package documentation for explanation.
Type  H <return>  for immediate help.
 ...                                              
                                                  
l.424 ...can los espacios porque si no la funci√≥n
                                                  
You need to provide a definition with \DeclareInputText 
or \DeclareInputMath before using this key.

LaTeX Font Info:    External font `cmex10' loaded for size
(Font)              <10.95> on input line 428.
[68]) (./GoogleAppEngine/googleappengine.tex [69] [70

]
Cap\'{\i }tulo 5.

Overfull \hbox (4.13478pt too wide) in paragraph at lines 5--6
[]\OT1/cmr/m/n/12 Google App En-gine es una con-jun-to de apis que pro-por-cion
a Google
 []


Overfull \hbox (24.59271pt too wide) in paragraph at lines 5--6
\OT1/cmr/m/n/12 cen un do-minio, que es: []$\OT1/cmtt/m/n/12 http : / / nombre 
_ de _ la _ aplicacion . appspot .
 []

[71] [72]
Overfull \hbox (108.73337pt too wide) has occurred while \output is active
\OT1/cmr/m/sl/12 5.2.  EXPLICACI[]ON DE UNA APLICACI[]ON WEB GEN[]ERICA EN GOOG
LE APP ENGINE. \OT1/cmr/m/n/12 73
 []

[73]
Overfull \hbox (19.65692pt too wide) in paragraph at lines 66--67
\OT1/cmr/m/n/12 ser^^S^^Pa la siquiente: []$\OT1/cmtt/m/n/12 https : / / server
timestamp . appspot . com / search ?
 []

<./GoogleAppEngine/imagenes/JSP_Model.png, id=914, 354.32375pt x 405.515pt>
File: ./GoogleAppEngine/imagenes/JSP_Model.png Graphic file (type png)

<use ./GoogleAppEngine/imagenes/JSP_Model.png>
(/usr/share/texmf-texlive/tex/latex/listings/lstlang1.sty
File: lstlang1.sty 2004/09/05 1.3 listings language file
) [74]
Overfull \hbox (108.73337pt too wide) has occurred while \output is active
\OT1/cmr/m/sl/12 5.2.  EXPLICACI[]ON DE UNA APLICACI[]ON WEB GEN[]ERICA EN GOOG
LE APP ENGINE. \OT1/cmr/m/n/12 75
 []

[75 <./GoogleAppEngine/imagenes/JSP_Model.png>]
<./GoogleAppEngine/imagenes/carpetawar.png, id=960, 210.03468pt x 349.305pt>
File: ./GoogleAppEngine/imagenes/carpetawar.png Graphic file (type png)

<use ./GoogleAppEngine/imagenes/carpetawar.png> [76]
Overfull \hbox (108.73337pt too wide) has occurred while \output is active
\OT1/cmr/m/sl/12 5.2.  EXPLICACI[]ON DE UNA APLICACI[]ON WEB GEN[]ERICA EN GOOG
LE APP ENGINE. \OT1/cmr/m/n/12 77
 []

[77 <./GoogleAppEngine/imagenes/carpetawar.png (PNG copy)>]
(/usr/share/texmf-texlive/tex/latex/listings/lstlang1.sty
File: lstlang1.sty 2004/09/05 1.3 listings language file
)
(/usr/share/texmf-texlive/tex/latex/listings/lstlang2.sty
File: lstlang2.sty 2004/09/05 1.3 listings language file
)
(/usr/share/texmf-texlive/tex/latex/listings/lstlang3.sty
File: lstlang3.sty 2004/09/05 1.3 listings language file
)

! Package Listings Error: Couldn't load requested language.

See the Listings package documentation for explanation.
Type  H <return>  for immediate help.
 ...                                              
                                                  
l.174 \begin{lstlisting}[language=YAML]
                                       
The following languages weren't loadable:
    ,yaml$
This may cause errors in the sequel.


! Package Listings Error: language yaml undefined.

See the Listings package documentation for explanation.
Type  H <return>  for immediate help.
 ...                                              
                                                  
l.174 \begin{lstlisting}[language=YAML]
                                       
The language is not loadable. Try typing  <return>  to proceed.
If that doesn't work, type  X <return>  to quit.

[78]
Overfull \hbox (20.46341pt too wide) in paragraph at lines 190--191
[]$\OT1/cmtt/m/n/12 https : / / developers . google . com / appengine / docs / 
java / config/$[]\OT1/cmr/m/n/12 ,
 []


Overfull \hbox (45.16342pt too wide) in paragraph at lines 190--191
[]$\OT1/cmtt/m/n/12 https : / / developers . google . com / appengine / docs / 
java / configyaml/$[]\OT1/cmr/m/n/12 .
 []

[79]
<./GoogleAppEngine/imagenes/server_ips_timestamp.png, id=1035, 738.50906pt x 30
7.1475pt>
File: ./GoogleAppEngine/imagenes/server_ips_timestamp.png Graphic file (type pn
g)
 <use ./GoogleAppEngine/imagenes/server_ips_timestamp.png> [80 <./GoogleAppEngi
ne/imagenes/server_ips_timestamp.png (PNG copy)>]
Underfull \vbox (badness 3590) has occurred while \output is active []

 [81]
<./GoogleAppEngine/imagenes/UML_pfc.png, id=1046, 1111.15125pt x 510.90875pt>
File: ./GoogleAppEngine/imagenes/UML_pfc.png Graphic file (type png)

<use ./GoogleAppEngine/imagenes/UML_pfc.png>
Overfull \hbox (165.57426pt too wide) in paragraph at lines 229--230
 [][] 
 []

[82 <./GoogleAppEngine/imagenes/UML_pfc.png (PNG copy)>] [83] [84]
<./GoogleAppEngine/imagenes/login_repositorio_general.png, id=1087, 841.64438pt
 x 292.09125pt>
File: ./GoogleAppEngine/imagenes/login_repositorio_general.png Graphic file (ty
pe png)
 <use ./GoogleAppEngine/imagenes/login_repositorio_general.png>
Overfull \hbox (30.82117pt too wide) in paragraph at lines 306--307
 [][] 
 []

[85 <./GoogleAppEngine/imagenes/login_repositorio_general.png (PNG copy)>]
<./GoogleAppEngine/imagenes/repositorio_general.png, id=1097, 962.84718pt x 357
.58594pt>
File: ./GoogleAppEngine/imagenes/repositorio_general.png Graphic file (type png
)
 <use ./GoogleAppEngine/imagenes/repositorio_general.png>
Overfull \hbox (91.42241pt too wide) in paragraph at lines 315--316
 [][] 
 []


<./GoogleAppEngine/imagenes/UML_repositorio.png, id=1099, 1089.06876pt x 933.48
75pt>
File: ./GoogleAppEngine/imagenes/UML_repositorio.png Graphic file (type png)
 <use ./GoogleAppEngine/imagenes/UML_repositorio.png>
Overfull \hbox (154.53305pt too wide) in paragraph at lines 328--329
 [][] 
 []


Overfull \hbox (3.29149pt too wide) in paragraph at lines 338--339
[]\OT1/cmr/bx/n/12 DaoUserCert.java: \OT1/cmr/m/n/12 En este apli-caci^^Son hem
os uti-liza-do dos bases
 []

[86] [87]
<./GoogleAppEngine/imagenes/certificadosRepositorioGeneral.png, id=1132, 800.99
25pt x 216.81pt>
File: ./GoogleAppEngine/imagenes/certificadosRepositorioGeneral.png Graphic fil
e (type png)

<use ./GoogleAppEngine/imagenes/certificadosRepositorioGeneral.png>
Overfull \hbox (10.49527pt too wide) in paragraph at lines 382--383
 [][] 
 []


Overfull \hbox (1.22446pt too wide) in paragraph at lines 387--388
[]\OT1/cmr/bx/n/12 ServletCreateRowRepositorio.java: \OT1/cmr/m/n/12 Este servl
et est^^Sa ma-pea-
 []


<./GoogleAppEngine/imagenes/botonExportar.png, id=1135, 955.31906pt x 33.87656p
t>
File: ./GoogleAppEngine/imagenes/botonExportar.png Graphic file (type png)
 <use ./GoogleAppEngine/imagenes/botonExportar.png>
Overfull \hbox (87.65836pt too wide) in paragraph at lines 395--396
 [][] 
 []

[88]
Overfull \hbox (25.07767pt too wide) in paragraph at lines 435--436
\OT1/cmr/m/it/12 List<RowRepositorioGeneral>getRowRepositorioGeneralList(String

 []

[89]
! Missing \endcsname inserted.
<to be read again> 
                   \penalty 
l.453 ... en la figura~\ref{fig:pesta√±aVerificar}
                                                  
The control sequence marked <to be read again> should
not appear between \csname and \endcsname.

! Use of \r@fig:pesta doesn't match its definition.
\@setref ...expandafter \Hy@setref@link #1\@empty 
                                                  \@empty \@nil {#2}\fi 
l.453 ... en la figura~\ref{fig:pesta√±aVerificar}
                                                  
If you say, e.g., `\def\a1{...}', then you must always
put `1' after `\a', since control sequence names are
made up of letters only. The macro here has not been
followed by the required stuff, so I'm ignoring it.

Runaway argument?
\z@skip \add@accent {126}{n}\bbl@allowhyphens \setbox \@tempboxa \hbox \ETC.
! Paragraph ended before \Hy@setref@link was complete.
<to be read again> 
                   \par 
l.454 
      
I suspect you've forgotten a `}', causing me to apply this
control sequence to too much text. How can we recover?
My plan is to forget the whole thing and hope for the best.


<./GoogleAppEngine/imagenes/pestanhaVerificar.png, id=1170, 773.13844pt x 252.1
9218pt>
File: ./GoogleAppEngine/imagenes/pestanhaVerificar.png Graphic file (type png)
 <use ./GoogleAppEngine/imagenes/pestanhaVerificar.png> [90]
<./GoogleAppEngine/imagenes/pestanhaQR.png, id=1188, 529.98pt x 268.75406pt>
File: ./GoogleAppEngine/imagenes/pestanhaQR.png Graphic file (type png)

<use ./GoogleAppEngine/imagenes/pestanhaQR.png>
<./GoogleAppEngine/imagenes/codigoQR.png, id=1189, 957.5775pt x 287.57437pt>
File: ./GoogleAppEngine/imagenes/codigoQR.png Graphic file (type png)

<use ./GoogleAppEngine/imagenes/codigoQR.png>
Overfull \hbox (88.78758pt too wide) in paragraph at lines 478--479
 [][] 
 []

) [91] [92 <./GoogleAppEngine/imagenes/repositorio_general.png (PNG copy)>]
[93 <./GoogleAppEngine/imagenes/UML_repositorio.png (PNG copy)>] [94 <./GoogleA
ppEngine/imagenes/certificadosRepositorioGeneral.png> <./GoogleAppEngine/imagen
es/botonExportar.png (PNG copy)> <./GoogleAppEngine/imagenes/pestanhaVerificar.
png (PNG copy)> <./GoogleAppEngine/imagenes/pestanhaQR.png (PNG copy)>]
[95 <./GoogleAppEngine/imagenes/codigoQR.png (PNG copy)>] [96

]
(/home/juanantonio/memoriaPFC/Memoria.lof [97

])
\tf@lof=\write5
\openout5 = `Memoria.lof'.

 [98]

! LaTeX Error: \begin{itemize} on input line 364 ended by \end{document}.

See the LaTeX manual or LaTeX Companion for explanation.
Type  H <return>  for immediate help.
 ...                                              
                                                  
l.103 \end{document}
                    
Your command was ignored.
Type  I <command> <return>  to replace it with another command,
or  <return>  to continue without it.

(/home/juanantonio/memoriaPFC/Memoria.aux
! Missing \endcsname inserted.
<to be read again> 
                   \penalty 
l.177 ...a pesta√±a verificaci√≥n}{figure.5.10}{}}
                                                  
The control sequence marked <to be read again> should
not appear between \csname and \endcsname.

! Extra \endcsname.
\@newl@bel ... \bbl@tempa \csname #1@#2\endcsname 
                                                  \def \bbl@tempb {#3}\@safe...
l.177 ...a pesta√±a verificaci√≥n}{figure.5.10}{}}
                                                  
I'm ignoring this, since I wasn't doing a \csname.

)

LaTeX Warning: There were multiply-defined labels.

 )
(\end occurred inside a group at level 2)

### semi simple group (level 2) entered at line 364 (\begingroup)
### semi simple group (level 1) entered at line 132 (\begingroup)
### bottom level
(\end occurred when \ifx on line 453 was incomplete) 
Here is how much of TeX's memory you used:
 8273 strings out of 495061
 120064 string characters out of 1182621
 364205 words of memory out of 3000000
 10740 multiletter control sequences out of 15000+50000
 11534 words of font info for 41 fonts, out of 3000000 for 9000
 28 hyphenation exceptions out of 8191
 39i,8n,51p,1742b,2260s stack positions out of 5000i,500n,10000p,200000b,50000s
</usr/share/texmf-texlive/f
onts/type1/public/amsfonts/cm/cmbx12.pfb></usr/share/texmf-texlive/fonts/type1/
public/amsfonts/cm/cmmi12.pfb></usr/share/texmf-texlive/fonts/type1/public/amsf
onts/cm/cmmi8.pfb></usr/share/texmf-texlive/fonts/type1/public/amsfonts/cm/cmr1
0.pfb></usr/share/texmf-texlive/fonts/type1/public/amsfonts/cm/cmr12.pfb></usr/
share/texmf-texlive/fonts/type1/public/amsfonts/cm/cmr17.pfb></usr/share/texmf-
texlive/fonts/type1/public/amsfonts/cm/cmr6.pfb></usr/share/texmf-texlive/fonts
/type1/public/amsfonts/cm/cmr7.pfb></usr/share/texmf-texlive/fonts/type1/public
/amsfonts/cm/cmr8.pfb></usr/share/texmf-texlive/fonts/type1/public/amsfonts/cm/
cmsl12.pfb></usr/share/texmf-texlive/fonts/type1/public/amsfonts/cm/cmsy10.pfb>
</usr/share/texmf-texlive/fonts/type1/public/amsfonts/cm/cmsy8.pfb></usr/share/
texmf-texlive/fonts/type1/public/amsfonts/cm/cmti12.pfb></usr/share/texmf-texli
ve/fonts/type1/public/amsfonts/cm/cmtt10.pfb></usr/share/texmf-texlive/fonts/ty
pe1/public/amsfonts/cm/cmtt12.pfb>
Output written on Memoria.pdf (104 pages, 3578807 bytes).
PDF statistics:
 1449 PDF objects out of 1728 (max. 8388607)
 541 named destinations out of 1000 (max. 500000)
 579 words of extra memory for PDF output out of 10000 (max. 10000000)

