\BOOKMARK [0][-]{chapter.1}{Introducci\363n.}{}
\BOOKMARK [1][-]{section.1.1}{\277Por qu\351 decidimos hacer el proyecto?}{chapter.1}
\BOOKMARK [1][-]{section.1.2}{Objetivos que quer\355amos conseguir.}{chapter.1}
\BOOKMARK [1][-]{section.1.3}{Organizaci\363n de la memoria.}{chapter.1}
\BOOKMARK [1][-]{section.1.4}{Material usado.}{chapter.1}
\BOOKMARK [0][-]{chapter.2}{Conocimientos previos}{}
\BOOKMARK [1][-]{section.2.1}{El lenguaje de programaci\363n Java}{chapter.2}
\BOOKMARK [2][-]{subsection.2.1.1}{Historia}{section.2.1}
\BOOKMARK [1][-]{section.2.2}{El entorno de programaci\363n Eclipse.}{chapter.2}
\BOOKMARK [2][-]{subsection.2.2.1}{Historia}{section.2.2}
\BOOKMARK [2][-]{subsection.2.2.2}{Versiones}{section.2.2}
\BOOKMARK [1][-]{section.2.3}{Criptograf\355a.}{chapter.2}
\BOOKMARK [2][-]{subsection.2.3.1}{Historia}{section.2.3}
\BOOKMARK [2][-]{subsection.2.3.2}{Critograf\355a cl\341sica.}{section.2.3}
\BOOKMARK [2][-]{subsection.2.3.3}{Criptograf\355a durante la \351poca de los ordenadores.}{section.2.3}
\BOOKMARK [1][-]{section.2.4}{Android.}{chapter.2}
\BOOKMARK [2][-]{subsection.2.4.1}{Historia.}{section.2.4}
\BOOKMARK [2][-]{subsection.2.4.2}{Versiones.}{section.2.4}
\BOOKMARK [1][-]{section.2.5}{Google App Engine.}{chapter.2}
\BOOKMARK [1][-]{section.2.6}{SQLite.}{chapter.2}
\BOOKMARK [1][-]{section.2.7}{XML.}{chapter.2}
\BOOKMARK [1][-]{section.2.8}{UML.}{chapter.2}
\BOOKMARK [1][-]{section.2.9}{GIT.}{chapter.2}
\BOOKMARK [0][-]{chapter.3}{Criptograf\355a usada en el proyecto.}{}
\BOOKMARK [1][-]{section.3.1}{RSA.}{chapter.3}
\BOOKMARK [1][-]{section.3.2}{Public-Key Infrastructure.}{chapter.3}
\BOOKMARK [1][-]{section.3.3}{Critograf\355a en Java.}{chapter.3}
\BOOKMARK [0][-]{chapter.4}{Android}{}
\BOOKMARK [1][-]{section.4.1}{Introducci\363n.}{chapter.4}
\BOOKMARK [1][-]{section.4.2}{Arquitectura de la plataforma Android.}{chapter.4}
\BOOKMARK [2][-]{subsection.4.2.1}{Desarrollando en Android.}{section.4.2}
\BOOKMARK [2][-]{subsection.4.2.2}{Proyecto b\341sico de Android en Eclipse.}{section.4.2}
\BOOKMARK [1][-]{section.4.3}{Proyecto firma digital UMA.}{chapter.4}
\BOOKMARK [2][-]{subsection.4.3.1}{Uso de la aplicaci\363n.}{section.4.3}
\BOOKMARK [2][-]{subsection.4.3.2}{Explicaci\363n del proyecto de Android.}{section.4.3}
\BOOKMARK [0][-]{chapter.5}{Google App Engine.}{}
\BOOKMARK [1][-]{section.5.1}{Introducci\363n.}{chapter.5}
\BOOKMARK [1][-]{section.5.2}{Explicaci\363n de una aplicaci\363n web gen\351rica en Google App Engine.}{chapter.5}
\BOOKMARK [2][-]{subsection.5.2.1}{\277Qu\351 es un servlet?.}{section.5.2}
\BOOKMARK [2][-]{subsection.5.2.2}{\277Qu\351 es JSP?.}{section.5.2}
\BOOKMARK [2][-]{subsection.5.2.3}{La carpeta WAR.}{section.5.2}
\BOOKMARK [2][-]{subsection.5.2.4}{Archivos de configuraci\363n.}{section.5.2}
\BOOKMARK [1][-]{section.5.3}{Servidor de timestamp.}{chapter.5}
\BOOKMARK [2][-]{subsection.5.3.1}{Explicaci\363n de la aplicaci\363n web.}{section.5.3}
\BOOKMARK [1][-]{section.5.4}{Servidor de registro de firmas.}{chapter.5}
\BOOKMARK [2][-]{subsection.5.4.1}{Explicaci\363n de la aplicaci\363n web.}{section.5.4}
\BOOKMARK [0][-]{appendix.A}{Configuraci\363n de Eclipse.}{}
\BOOKMARK [1][-]{section.A.1}{Configuraci\363n de Eclipse para Android.}{appendix.A}
\BOOKMARK [1][-]{section.A.2}{Configuraci\363n de Eclipse para Google App Engine.}{appendix.A}
